# JRE version: Java(TM) SE Runtime Environment (24.0.1+9) (build 24.0.1+9-30)
# Java VM: Java HotSpot(TM) 64-Bit Server VM (24.0.1+9-30, mixed mode, emulated-client, sharing, tiered, compressed oops, compressed class ptrs, g1 gc, windows-amd64)
GC Precious Log:
 CardTable entry size: 512
 Card Set container configuration: InlinePtr #cards 4 size 8 Array Of Cards #cards 16 size 48 Howl #buckets 8 coarsen threshold 3686 Howl Bitmap #cards 512 size 80 coarsen threshold 460 Card regions per heap region 1 cards per card region 4096
 CPUs: 16 total, 16 available
 Memory: 16088M
 Large Page Support: Disabled
 NUMA Support: Disabled
 Compressed Oops: Enabled (Zero based)
 Heap Region Size: 2M
 Heap Min Capacity: 8M
 Heap Initial Capacity: 252M
 Heap Max Capacity: 4024M
 Pre-touch: Disabled
 Parallel Workers: 13
 Concurrent Workers: 3
 Concurrent Refinement Workers: 13
 Periodic GC: Disabled
Heap:
 garbage-first heap   total reserved 4120576K, committed 81920K, used 57503K [0x0000000704800000, 0x0000000800000000)
  region size 2048K, 18 young (36864K), 3 survivors (6144K)
 Metaspace       used 73004K, committed 73664K, reserved 1179648K
  class space    used 8001K, committed 8256K, reserved 1048576K
GC Heap History (20 events):
Event: 0.864 GC heap before
{Heap before GC invocations=1 (full 0):
 garbage-first heap   total reserved 4120576K, committed 260096K, used 36181K [0x0000000704800000, 0x0000000800000000)
  region size 2048K, 18 young (36864K), 3 survivors (6144K)
 Metaspace       used 20429K, committed 20736K, reserved 1114112K
  class space    used 2047K, committed 2176K, reserved 1048576K
}
Event: 0.866 GC heap after
{Heap after GC invocations=2 (full 0):
 garbage-first heap   total reserved 4120576K, committed 260096K, used 11856K [0x0000000704800000, 0x0000000800000000)
  region size 2048K, 5 young (10240K), 5 survivors (10240K)
 Metaspace       used 20429K, committed 20736K, reserved 1114112K
  class space    used 2047K, committed 2176K, reserved 1048576K
}
Event: 1.048 GC heap before
{Heap before GC invocations=3 (full 0):
 garbage-first heap   total reserved 4120576K, committed 55296K, used 50768K [0x0000000704800000, 0x0000000800000000)
  region size 2048K, 24 young (49152K), 5 survivors (10240K)
 Metaspace       used 26427K, committed 26752K, reserved 1114112K
  class space    used 2670K, committed 2816K, reserved 1048576K
}
Event: 1.054 GC heap after
{Heap after GC invocations=4 (full 0):
 garbage-first heap   total reserved 4120576K, committed 67584K, used 15537K [0x0000000704800000, 0x0000000800000000)
  region size 2048K, 6 young (12288K), 6 survivors (12288K)
 Metaspace       used 26427K, committed 26752K, reserved 1114112K
  class space    used 2670K, committed 2816K, reserved 1048576K
}
Event: 1.236 GC heap before
{Heap before GC invocations=4 (full 0):
 garbage-first heap   total reserved 4120576K, committed 67584K, used 42161K [0x0000000704800000, 0x0000000800000000)
  region size 2048K, 19 young (38912K), 6 survivors (12288K)
 Metaspace       used 28718K, committed 28992K, reserved 1114112K
  class space    used 2937K, committed 3072K, reserved 1048576K
}
Event: 1.243 GC heap after
{Heap after GC invocations=5 (full 0):
 garbage-first heap   total reserved 4120576K, committed 67584K, used 16790K [0x0000000704800000, 0x0000000800000000)
  region size 2048K, 2 young (4096K), 2 survivors (4096K)
 Metaspace       used 28718K, committed 28992K, reserved 1114112K
  class space    used 2937K, committed 3072K, reserved 1048576K
}
Event: 1.527 GC heap before
{Heap before GC invocations=5 (full 0):
 garbage-first heap   total reserved 4120576K, committed 67584K, used 45462K [0x0000000704800000, 0x0000000800000000)
  region size 2048K, 17 young (34816K), 2 survivors (4096K)
 Metaspace       used 32581K, committed 32960K, reserved 1114112K
  class space    used 3415K, committed 3584K, reserved 1048576K
}
Event: 1.531 GC heap after
{Heap after GC invocations=6 (full 0):
 garbage-first heap   total reserved 4120576K, committed 67584K, used 18115K [0x0000000704800000, 0x0000000800000000)
  region size 2048K, 3 young (6144K), 3 survivors (6144K)
 Metaspace       used 32581K, committed 32960K, reserved 1114112K
  class space    used 3415K, committed 3584K, reserved 1048576K
}
Event: 1.629 GC heap before
{Heap before GC invocations=6 (full 0):
 garbage-first heap   total reserved 4120576K, committed 67584K, used 30403K [0x0000000704800000, 0x0000000800000000)
  region size 2048K, 10 young (20480K), 3 survivors (6144K)
 Metaspace       used 34210K, committed 34560K, reserved 1114112K
  class space    used 3651K, committed 3840K, reserved 1048576K
}
Event: 1.634 GC heap after
{Heap after GC invocations=7 (full 0):
 garbage-first heap   total reserved 4120576K, committed 67584K, used 19078K [0x0000000704800000, 0x0000000800000000)
  region size 2048K, 2 young (4096K), 2 survivors (4096K)
 Metaspace       used 34210K, committed 34560K, reserved 1114112K
  class space    used 3651K, committed 3840K, reserved 1048576K
}
Event: 1.935 GC heap before
{Heap before GC invocations=8 (full 0):
 garbage-first heap   total reserved 4120576K, committed 67584K, used 47750K [0x0000000704800000, 0x0000000800000000)
  region size 2048K, 17 young (34816K), 2 survivors (4096K)
 Metaspace       used 39920K, committed 40384K, reserved 1114112K
  class space    used 4228K, committed 4416K, reserved 1048576K
}
Event: 1.938 GC heap after
{Heap after GC invocations=9 (full 0):
 garbage-first heap   total reserved 4120576K, committed 67584K, used 20994K [0x0000000704800000, 0x0000000800000000)
  region size 2048K, 3 young (6144K), 3 survivors (6144K)
 Metaspace       used 39920K, committed 40384K, reserved 1114112K
  class space    used 4228K, committed 4416K, reserved 1048576K
}
Event: 2.292 GC heap before
{Heap before GC invocations=9 (full 0):
 garbage-first heap   total reserved 4120576K, committed 67584K, used 51714K [0x0000000704800000, 0x0000000800000000)
  region size 2048K, 18 young (36864K), 3 survivors (6144K)
 Metaspace       used 47208K, committed 47744K, reserved 1114112K
  class space    used 5004K, committed 5248K, reserved 1048576K
}
Event: 2.295 GC heap after
{Heap after GC invocations=10 (full 0):
 garbage-first heap   total reserved 4120576K, committed 81920K, used 22549K [0x0000000704800000, 0x0000000800000000)
  region size 2048K, 2 young (4096K), 2 survivors (4096K)
 Metaspace       used 47208K, committed 47744K, reserved 1114112K
  class space    used 5004K, committed 5248K, reserved 1048576K
}
Event: 2.724 GC heap before
{Heap before GC invocations=10 (full 0):
 garbage-first heap   total reserved 4120576K, committed 81920K, used 59413K [0x0000000704800000, 0x0000000800000000)
  region size 2048K, 22 young (45056K), 2 survivors (4096K)
 Metaspace       used 57279K, committed 57728K, reserved 1114112K
  class space    used 6078K, committed 6272K, reserved 1048576K
}
Event: 2.727 GC heap after
{Heap after GC invocations=11 (full 0):
 garbage-first heap   total reserved 4120576K, committed 81920K, used 24570K [0x0000000704800000, 0x0000000800000000)
  region size 2048K, 2 young (4096K), 2 survivors (4096K)
 Metaspace       used 57279K, committed 57728K, reserved 1114112K
  class space    used 6078K, committed 6272K, reserved 1048576K
}
Event: 3.100 GC heap before
{Heap before GC invocations=12 (full 0):
 garbage-first heap   total reserved 4120576K, committed 81920K, used 65530K [0x0000000704800000, 0x0000000800000000)
  region size 2048K, 22 young (45056K), 2 survivors (4096K)
 Metaspace       used 63843K, committed 64384K, reserved 1114112K
  class space    used 6824K, committed 7040K, reserved 1048576K
}
Event: 3.103 GC heap after
{Heap after GC invocations=13 (full 0):
 garbage-first heap   total reserved 4120576K, committed 81920K, used 27504K [0x0000000704800000, 0x0000000800000000)
  region size 2048K, 3 young (6144K), 3 survivors (6144K)
 Metaspace       used 63843K, committed 64384K, reserved 1114112K
  class space    used 6824K, committed 7040K, reserved 1048576K
}
Event: 3.567 GC heap before
{Heap before GC invocations=13 (full 0):
 garbage-first heap   total reserved 4120576K, committed 81920K, used 66416K [0x0000000704800000, 0x0000000800000000)
  region size 2048K, 22 young (45056K), 3 survivors (6144K)
 Metaspace       used 68744K, committed 69376K, reserved 1114112K
  class space    used 7422K, committed 7680K, reserved 1048576K
}
Event: 3.572 GC heap after
{Heap after GC invocations=14 (full 0):
 garbage-first heap   total reserved 4120576K, committed 81920K, used 30879K [0x0000000704800000, 0x0000000800000000)
  region size 2048K, 3 young (6144K), 3 survivors (6144K)
 Metaspace       used 68744K, committed 69376K, reserved 1114112K
  class space    used 7422K, committed 7680K, reserved 1048576K
}

